<?xml version="1.0" encoding="UTF-8"?>
<!-- Generated by org.testng.reporters.JUnitReportReporter -->
<testsuite hostname="Yazan-Mughrabi" failures="0" tests="2" name="FlightTest" time="6.303" errors="0" timestamp="2023-12-02T19:16:56 AST" skipped="0">
  <testcase classname="FlightTest" name="postFlight" time="1.878"/>
  <testcase classname="FlightTest" name="getFlight" time="4.425"/>
</testsuite> <!-- FlightTest -->
